2023-10-06 15:58:39.047 [info] Log level: Info
2023-10-06 15:58:39.047 [info] Validating found git in: "git"
2023-10-06 15:58:39.047 [info] Using git "2.42.0" from "git"
2023-10-06 15:58:39.059 [info] > git rev-parse --show-toplevel [24ms]
2023-10-06 15:58:39.084 [info] > git rev-parse --git-dir --git-common-dir [17ms]
2023-10-06 15:58:39.097 [info] Open repository: /home/alfarizi/coding/project/app
2023-10-06 15:58:39.208 [info] > git rev-parse --show-toplevel [88ms]
2023-10-06 15:58:39.214 [info] > git config --get commit.template [99ms]
2023-10-06 15:58:39.311 [info] No remotes found in the git config file.
2023-10-06 15:58:39.315 [info] > git for-each-ref --format=%(refname)%00%(upstream:short)%00%(objectname)%00%(upstream:track)%00%(upstream:remotename)%00%(upstream:remoteref) refs/heads/master refs/remotes/master [5ms]
2023-10-06 15:58:39.326 [info] > git status -z -uall [3ms]
2023-10-06 15:58:39.355 [info] No remotes found in the git config file.
2023-10-06 15:58:39.360 [info] > git for-each-ref --format=%(refname)%00%(upstream:short)%00%(objectname)%00%(upstream:track)%00%(upstream:remotename)%00%(upstream:remoteref) refs/heads/master refs/remotes/master [6ms]
2023-10-06 15:58:39.361 [info] > git config --get commit.template [15ms]
2023-10-06 15:58:39.368 [info] > git status -z -uall [3ms]
2023-10-06 15:58:39.734 [info] > git check-ignore -v -z --stdin [3ms]
2023-10-06 15:58:47.851 [info] > git show --textconv :.gitignore [13ms]
2023-10-06 15:58:47.857 [info] > git ls-files --stage -- /home/alfarizi/coding/project/app/.gitignore [6ms]
2023-10-06 15:58:47.874 [info] > git cat-file -s 87e56100f87d5255452482b1b624a1777a3a1351 [9ms]
2023-10-06 15:58:48.868 [info] > git check-ignore -v -z --stdin [5ms]
2023-10-06 15:58:49.938 [info] > git show --textconv :src/index.ts [21ms]
2023-10-06 15:58:49.959 [info] > git ls-files --stage -- /home/alfarizi/coding/project/app/src/index.ts [23ms]
2023-10-06 15:58:49.973 [info] > git cat-file -s 9c1f7a1e6f3c8aa794f96991a785d5c98e64a08e [6ms]
2023-10-06 16:02:49.466 [info] No remotes found in the git config file.
2023-10-06 16:02:49.468 [info] > git config --get commit.template [7ms]
2023-10-06 16:02:49.469 [info] > git for-each-ref --format=%(refname)%00%(upstream:short)%00%(objectname)%00%(upstream:track)%00%(upstream:remotename)%00%(upstream:remoteref) refs/heads/master refs/remotes/master [3ms]
2023-10-06 16:02:49.475 [info] > git status -z -uall [2ms]
2023-10-06 16:12:43.593 [info] No remotes found in the git config file.
2023-10-06 16:12:43.593 [info] > git config --get commit.template [8ms]
2023-10-06 16:12:43.595 [info] > git for-each-ref --format=%(refname)%00%(upstream:short)%00%(objectname)%00%(upstream:track)%00%(upstream:remotename)%00%(upstream:remoteref) refs/heads/master refs/remotes/master [3ms]
2023-10-06 16:12:43.601 [info] > git status -z -uall [2ms]
2023-10-06 16:12:54.347 [info] No remotes found in the git config file.
2023-10-06 16:12:54.348 [info] > git config --get commit.template [11ms]
2023-10-06 16:12:54.352 [info] > git for-each-ref --format=%(refname)%00%(upstream:short)%00%(objectname)%00%(upstream:track)%00%(upstream:remotename)%00%(upstream:remoteref) refs/heads/master refs/remotes/master [4ms]
2023-10-06 16:12:54.364 [info] > git status -z -uall [3ms]
2023-10-06 16:12:55.899 [info] Log level: Info
2023-10-06 16:12:55.899 [info] Validating found git in: "git"
2023-10-06 16:12:55.899 [info] Using git "2.42.0" from "git"
2023-10-06 16:12:55.899 [info] > git rev-parse --show-toplevel [32ms]
2023-10-06 16:12:55.914 [info] > git rev-parse --git-dir --git-common-dir [6ms]
2023-10-06 16:12:55.931 [info] Open repository: /home/alfarizi/coding/project/project-nodejs/KonichiNotes
2023-10-06 16:12:55.959 [info] > git rev-parse --show-toplevel [7ms]
2023-10-06 16:12:55.960 [info] > git config --get commit.template [18ms]
2023-10-06 16:12:56.004 [info] > git rev-parse --show-toplevel [18ms]
2023-10-06 16:12:56.013 [info] > git for-each-ref --format=%(refname)%00%(upstream:short)%00%(objectname)%00%(upstream:track)%00%(upstream:remotename)%00%(upstream:remoteref) refs/heads/main refs/remotes/main [12ms]
2023-10-06 16:12:56.026 [info] > git rev-parse --show-toplevel [14ms]
2023-10-06 16:12:56.040 [info] > git status -z -uall [16ms]
2023-10-06 16:12:56.057 [info] > git rev-parse --show-toplevel [18ms]
2023-10-06 16:12:56.144 [info] > git config --get commit.template [79ms]
2023-10-06 16:12:56.211 [info] > git rev-parse --show-toplevel [80ms]
2023-10-06 16:12:56.329 [info] > git rev-parse --show-toplevel [73ms]
2023-10-06 16:12:56.330 [info] > git for-each-ref --format=%(refname)%00%(upstream:short)%00%(objectname)%00%(upstream:track)%00%(upstream:remotename)%00%(upstream:remoteref) refs/heads/main refs/remotes/main [91ms]
2023-10-06 16:12:56.385 [info] > git status -z -uall [45ms]
2023-10-06 16:12:56.391 [info] > git rev-parse --show-toplevel [7ms]
2023-10-06 16:12:56.409 [info] > git rev-parse --show-toplevel [6ms]
2023-10-06 16:12:56.516 [info] > git check-ignore -v -z --stdin [3ms]
2023-10-06 16:12:57.924 [info] > git show --textconv :server.js [27ms]
2023-10-06 16:12:57.970 [info] > git ls-files --stage -- /home/alfarizi/coding/project/project-nodejs/KonichiNotes/server.js [49ms]
2023-10-06 16:12:58.001 [info] > git cat-file -s 90e8cfb5d8e47c2ddd0f359fdbb684cc9e609ac0 [17ms]
2023-10-06 16:13:11.086 [info] > git show --textconv :.env [12ms]
2023-10-06 16:13:11.088 [info] > git ls-files --stage -- /home/alfarizi/coding/project/project-nodejs/KonichiNotes/.env [3ms]
2023-10-06 16:13:11.351 [info] > git check-ignore -v -z --stdin [5ms]
2023-10-06 16:13:11.916 [info] > git config --get commit.template [14ms]
2023-10-06 16:13:11.919 [info] > git for-each-ref --format=%(refname)%00%(upstream:short)%00%(objectname)%00%(upstream:track)%00%(upstream:remotename)%00%(upstream:remoteref) refs/heads/main refs/remotes/main [4ms]
2023-10-06 16:13:11.928 [info] > git status -z -uall [3ms]
2023-10-06 16:13:34.029 [info] > git show --textconv :server.js [15ms]
2023-10-06 16:13:34.033 [info] > git ls-files --stage -- /home/alfarizi/coding/project/project-nodejs/KonichiNotes/server.js [4ms]
2023-10-06 16:13:34.042 [info] > git cat-file -s 90e8cfb5d8e47c2ddd0f359fdbb684cc9e609ac0 [2ms]
2023-10-06 16:13:38.570 [info] > git show --textconv :.env [12ms]
2023-10-06 16:13:38.573 [info] > git ls-files --stage -- /home/alfarizi/coding/project/project-nodejs/KonichiNotes/.env [4ms]
2023-10-06 16:14:39.109 [info] > git config --get commit.template [9ms]
2023-10-06 16:14:39.111 [info] > git for-each-ref --format=%(refname)%00%(upstream:short)%00%(objectname)%00%(upstream:track)%00%(upstream:remotename)%00%(upstream:remoteref) refs/heads/main refs/remotes/main [2ms]
2023-10-06 16:14:39.120 [info] > git status -z -uall [3ms]
2023-10-06 16:15:12.956 [info] > git show --textconv :package.json [7ms]
2023-10-06 16:15:12.958 [info] > git ls-files --stage -- /home/alfarizi/coding/project/project-nodejs/KonichiNotes/package.json [2ms]
2023-10-06 16:15:12.966 [info] > git cat-file -s bb4e172825cdace507aed28979645b854f160493 [2ms]
2023-10-06 16:15:13.940 [info] > git show --textconv :package-lock.json [7ms]
2023-10-06 16:15:13.943 [info] > git ls-files --stage -- /home/alfarizi/coding/project/project-nodejs/KonichiNotes/package-lock.json [4ms]
2023-10-06 16:15:13.953 [info] > git cat-file -s 8f23ac3a0cdd6d33ef3e55291d0438da4ba56532 [2ms]
2023-10-06 16:15:18.510 [info] > git show --textconv :server.js [20ms]
2023-10-06 16:15:18.516 [info] > git ls-files --stage -- /home/alfarizi/coding/project/project-nodejs/KonichiNotes/server.js [7ms]
2023-10-06 16:15:18.532 [info] > git cat-file -s 90e8cfb5d8e47c2ddd0f359fdbb684cc9e609ac0 [5ms]
2023-10-06 16:15:20.899 [info] > git show --textconv :package.json [23ms]
2023-10-06 16:15:20.902 [info] > git ls-files --stage -- /home/alfarizi/coding/project/project-nodejs/KonichiNotes/package.json [5ms]
2023-10-06 16:15:20.922 [info] > git cat-file -s bb4e172825cdace507aed28979645b854f160493 [7ms]
2023-10-06 16:15:26.802 [info] > git config --get commit.template [9ms]
2023-10-06 16:15:26.805 [info] > git for-each-ref --format=%(refname)%00%(upstream:short)%00%(objectname)%00%(upstream:track)%00%(upstream:remotename)%00%(upstream:remoteref) refs/heads/main refs/remotes/main [5ms]
2023-10-06 16:15:26.817 [info] > git status -z -uall [5ms]
2023-10-06 16:15:46.963 [info] > git show --textconv :package-lock.json [15ms]
2023-10-06 16:15:46.966 [info] > git ls-files --stage -- /home/alfarizi/coding/project/project-nodejs/KonichiNotes/package-lock.json [3ms]
2023-10-06 16:15:46.979 [info] > git cat-file -s 8f23ac3a0cdd6d33ef3e55291d0438da4ba56532 [3ms]
2023-10-06 16:15:47.600 [info] > git show --textconv :server.js [21ms]
2023-10-06 16:15:47.606 [info] > git ls-files --stage -- /home/alfarizi/coding/project/project-nodejs/KonichiNotes/server.js [10ms]
2023-10-06 16:15:47.624 [info] > git cat-file -s 90e8cfb5d8e47c2ddd0f359fdbb684cc9e609ac0 [5ms]
2023-10-06 16:15:48.278 [info] > git show --textconv :package.json [17ms]
2023-10-06 16:15:48.285 [info] > git ls-files --stage -- /home/alfarizi/coding/project/project-nodejs/KonichiNotes/package.json [8ms]
2023-10-06 16:15:48.309 [info] > git cat-file -s bb4e172825cdace507aed28979645b854f160493 [7ms]
2023-10-06 16:18:21.568 [info] > git config --get commit.template [21ms]
2023-10-06 16:18:21.577 [info] > git check-ignore -v -z --stdin [10ms]
2023-10-06 16:18:21.581 [info] > git for-each-ref --format=%(refname)%00%(upstream:short)%00%(objectname)%00%(upstream:track)%00%(upstream:remotename)%00%(upstream:remoteref) refs/heads/main refs/remotes/main [5ms]
2023-10-06 16:18:21.591 [info] > git status -z -uall [3ms]
2023-10-06 16:18:26.621 [info] > git config --get commit.template [12ms]
2023-10-06 16:18:26.625 [info] > git for-each-ref --format=%(refname)%00%(upstream:short)%00%(objectname)%00%(upstream:track)%00%(upstream:remotename)%00%(upstream:remoteref) refs/heads/main refs/remotes/main [5ms]
2023-10-06 16:18:26.636 [info] > git status -z -uall [3ms]
2023-10-06 16:18:45.929 [info] > git show --textconv :server.js [20ms]
2023-10-06 16:18:45.933 [info] > git ls-files --stage -- /home/alfarizi/coding/project/project-nodejs/KonichiNotes/server.js [6ms]
2023-10-06 16:18:45.949 [info] > git cat-file -s 90e8cfb5d8e47c2ddd0f359fdbb684cc9e609ac0 [4ms]
2023-10-06 16:19:17.642 [info] > git check-ignore -v -z --stdin [5ms]
2023-10-06 16:19:19.483 [info] > git check-ignore -v -z --stdin [5ms]
2023-10-06 16:19:21.017 [info] > git check-ignore -v -z --stdin [2ms]
2023-10-06 16:19:22.135 [info] > git check-ignore -v -z --stdin [7ms]
2023-10-06 16:19:23.006 [info] > git show --textconv :controllers/posts/postController.js [10ms]
2023-10-06 16:19:23.014 [info] > git ls-files --stage -- /home/alfarizi/coding/project/project-nodejs/KonichiNotes/controllers/posts/postController.js [8ms]
2023-10-06 16:19:23.031 [info] > git cat-file -s dbe3b73a9b7023b0206220cbc52bfe834226e3c0 [9ms]
2023-10-06 16:19:27.807 [info] > git check-ignore -v -z --stdin [5ms]
2023-10-06 16:19:28.566 [info] > git show --textconv :controllers/users/profileController.js [12ms]
2023-10-06 16:19:28.569 [info] > git ls-files --stage -- /home/alfarizi/coding/project/project-nodejs/KonichiNotes/controllers/users/profileController.js [4ms]
2023-10-06 16:19:28.581 [info] > git cat-file -s 7752ef1efd772695be9f7a200cbcca9b8dc9879a [4ms]
2023-10-06 16:19:29.445 [info] > git show --textconv :controllers/users/authController.js [7ms]
2023-10-06 16:19:29.447 [info] > git ls-files --stage -- /home/alfarizi/coding/project/project-nodejs/KonichiNotes/controllers/users/authController.js [3ms]
2023-10-06 16:19:29.454 [info] > git cat-file -s f39062eef58d3716c18b37f11af26387ea321f0d [2ms]
2023-10-06 16:20:21.037 [info] > git check-ignore -v -z --stdin [5ms]
2023-10-06 16:20:22.147 [info] > git show --textconv :utils/getToken.js [18ms]
2023-10-06 16:20:22.152 [info] > git ls-files --stage -- /home/alfarizi/coding/project/project-nodejs/KonichiNotes/utils/getToken.js [6ms]
2023-10-06 16:20:22.168 [info] > git cat-file -s 69b4e942c112e7324e2300561d9cedf05164a1ad [4ms]
2023-10-06 16:20:27.569 [info] > git show --textconv :utils/verifyToken.js [15ms]
2023-10-06 16:20:27.571 [info] > git ls-files --stage -- /home/alfarizi/coding/project/project-nodejs/KonichiNotes/utils/verifyToken.js [4ms]
2023-10-06 16:20:27.584 [info] > git cat-file -s 0ac45d62e9c6d066ab75312826cf5acfe753f22b [3ms]
2023-10-06 16:20:36.079 [info] > git show --textconv :utils/generateToken.js [15ms]
2023-10-06 16:20:36.081 [info] > git ls-files --stage -- /home/alfarizi/coding/project/project-nodejs/KonichiNotes/utils/generateToken.js [3ms]
2023-10-06 16:20:36.092 [info] > git cat-file -s 33ffc894a92e7c012f65b316a0738670275ac767 [3ms]
2023-10-06 16:20:40.555 [info] > git show --textconv :controllers/users/profileController.js [17ms]
2023-10-06 16:20:40.559 [info] > git ls-files --stage -- /home/alfarizi/coding/project/project-nodejs/KonichiNotes/controllers/users/profileController.js [5ms]
2023-10-06 16:20:40.611 [info] > git cat-file -s 7752ef1efd772695be9f7a200cbcca9b8dc9879a [9ms]
2023-10-06 16:22:58.900 [info] > git show --textconv :controllers/users/authController.js [17ms]
2023-10-06 16:22:58.905 [info] > git ls-files --stage -- /home/alfarizi/coding/project/project-nodejs/KonichiNotes/controllers/users/authController.js [5ms]
2023-10-06 16:22:58.919 [info] > git cat-file -s f39062eef58d3716c18b37f11af26387ea321f0d [6ms]
2023-10-06 16:23:04.387 [info] > git show --textconv :server.js [12ms]
2023-10-06 16:23:04.394 [info] > git ls-files --stage -- /home/alfarizi/coding/project/project-nodejs/KonichiNotes/server.js [7ms]
2023-10-06 16:23:04.404 [info] > git cat-file -s 90e8cfb5d8e47c2ddd0f359fdbb684cc9e609ac0 [3ms]
2023-10-06 16:23:34.169 [info] > git show --textconv :server.js [18ms]
2023-10-06 16:23:34.175 [info] > git ls-files --stage -- /home/alfarizi/coding/project/project-nodejs/KonichiNotes/server.js [7ms]
2023-10-06 16:23:34.233 [info] > git cat-file -s 90e8cfb5d8e47c2ddd0f359fdbb684cc9e609ac0 [16ms]
2023-10-06 16:23:35.588 [info] > git show --textconv :package.json [10ms]
2023-10-06 16:23:35.590 [info] > git ls-files --stage -- /home/alfarizi/coding/project/project-nodejs/KonichiNotes/package.json [3ms]
2023-10-06 16:23:35.600 [info] > git cat-file -s bb4e172825cdace507aed28979645b854f160493 [2ms]
2023-10-06 16:23:36.550 [info] > git show --textconv :server.js [14ms]
2023-10-06 16:23:36.553 [info] > git ls-files --stage -- /home/alfarizi/coding/project/project-nodejs/KonichiNotes/server.js [3ms]
2023-10-06 16:23:36.566 [info] > git cat-file -s 90e8cfb5d8e47c2ddd0f359fdbb684cc9e609ac0 [5ms]
2023-10-06 16:23:45.743 [info] > git show --textconv :controllers/users/authController.js [14ms]
2023-10-06 16:23:45.747 [info] > git ls-files --stage -- /home/alfarizi/coding/project/project-nodejs/KonichiNotes/controllers/users/authController.js [6ms]
2023-10-06 16:23:45.758 [info] > git cat-file -s f39062eef58d3716c18b37f11af26387ea321f0d [3ms]
2023-10-06 16:23:51.185 [info] > git check-ignore -v -z --stdin [3ms]
2023-10-06 16:23:52.474 [info] > git check-ignore -v -z --stdin [2ms]
2023-10-06 16:23:53.263 [info] > git show --textconv :routes/users/userRoute.js [11ms]
2023-10-06 16:23:53.266 [info] > git ls-files --stage -- /home/alfarizi/coding/project/project-nodejs/KonichiNotes/routes/users/userRoute.js [3ms]
2023-10-06 16:23:53.274 [info] > git cat-file -s ec19a4b6078ea4c30fbdac44c13c44ed436de689 [2ms]
2023-10-06 16:24:32.237 [info] > git show --textconv :controllers/users/authController.js [10ms]
2023-10-06 16:24:32.239 [info] > git ls-files --stage -- /home/alfarizi/coding/project/project-nodejs/KonichiNotes/controllers/users/authController.js [3ms]
2023-10-06 16:24:32.250 [info] > git cat-file -s f39062eef58d3716c18b37f11af26387ea321f0d [2ms]
2023-10-06 16:25:16.673 [info] > git show --textconv :controllers/users/authController.js [18ms]
2023-10-06 16:25:16.679 [info] > git ls-files --stage -- /home/alfarizi/coding/project/project-nodejs/KonichiNotes/controllers/users/authController.js [7ms]
2023-10-06 16:25:16.701 [info] > git cat-file -s f39062eef58d3716c18b37f11af26387ea321f0d [5ms]
2023-10-06 16:28:38.685 [info] > git show --textconv :controllers/users/authController.js [11ms]
2023-10-06 16:28:38.689 [info] > git ls-files --stage -- /home/alfarizi/coding/project/project-nodejs/KonichiNotes/controllers/users/authController.js [4ms]
2023-10-06 16:28:38.698 [info] > git cat-file -s f39062eef58d3716c18b37f11af26387ea321f0d [3ms]
2023-10-06 16:28:53.901 [info] > git show --textconv :controllers/users/profileController.js [17ms]
2023-10-06 16:28:53.906 [info] > git ls-files --stage -- /home/alfarizi/coding/project/project-nodejs/KonichiNotes/controllers/users/profileController.js [6ms]
2023-10-06 16:28:53.923 [info] > git cat-file -s 7752ef1efd772695be9f7a200cbcca9b8dc9879a [5ms]
2023-10-06 16:29:04.458 [info] > git show --textconv :controllers/users/authController.js [10ms]
2023-10-06 16:29:04.461 [info] > git ls-files --stage -- /home/alfarizi/coding/project/project-nodejs/KonichiNotes/controllers/users/authController.js [4ms]
2023-10-06 16:29:04.475 [info] > git cat-file -s f39062eef58d3716c18b37f11af26387ea321f0d [5ms]
2023-10-06 16:29:14.315 [info] > git check-ignore -v -z --stdin [6ms]
2023-10-06 16:29:17.751 [info] > git show --textconv :routes/users/userRoute.js [13ms]
2023-10-06 16:29:17.756 [info] > git ls-files --stage -- /home/alfarizi/coding/project/project-nodejs/KonichiNotes/routes/users/userRoute.js [6ms]
2023-10-06 16:29:17.770 [info] > git cat-file -s ec19a4b6078ea4c30fbdac44c13c44ed436de689 [4ms]
2023-10-06 16:29:28.497 [info] > git check-ignore -v -z --stdin [5ms]
2023-10-06 16:29:32.754 [info] > git show --textconv :controllers/posts/postController.js [10ms]
2023-10-06 16:29:32.756 [info] > git ls-files --stage -- /home/alfarizi/coding/project/project-nodejs/KonichiNotes/controllers/posts/postController.js [2ms]
2023-10-06 16:29:32.763 [info] > git cat-file -s dbe3b73a9b7023b0206220cbc52bfe834226e3c0 [2ms]
2023-10-06 16:30:29.546 [info] > git show --textconv :controllers/users/authController.js [18ms]
2023-10-06 16:30:29.559 [info] > git ls-files --stage -- /home/alfarizi/coding/project/project-nodejs/KonichiNotes/controllers/users/authController.js [14ms]
2023-10-06 16:30:29.575 [info] > git cat-file -s f39062eef58d3716c18b37f11af26387ea321f0d [3ms]
2023-10-06 16:30:37.103 [info] > git show --textconv :routes/users/userRoute.js [15ms]
2023-10-06 16:30:37.108 [info] > git ls-files --stage -- /home/alfarizi/coding/project/project-nodejs/KonichiNotes/routes/users/userRoute.js [6ms]
2023-10-06 16:30:37.124 [info] > git cat-file -s ec19a4b6078ea4c30fbdac44c13c44ed436de689 [3ms]
2023-10-06 16:31:19.373 [info] > git show --textconv :server.js [17ms]
2023-10-06 16:31:19.380 [info] > git ls-files --stage -- /home/alfarizi/coding/project/project-nodejs/KonichiNotes/server.js [7ms]
2023-10-06 16:31:19.402 [info] > git cat-file -s 90e8cfb5d8e47c2ddd0f359fdbb684cc9e609ac0 [10ms]
2023-10-06 16:31:45.778 [info] > git config --get commit.template [13ms]
2023-10-06 16:31:45.779 [info] > git for-each-ref --format=%(refname)%00%(upstream:short)%00%(objectname)%00%(upstream:track)%00%(upstream:remotename)%00%(upstream:remoteref) refs/heads/main refs/remotes/main [3ms]
2023-10-06 16:31:45.791 [info] > git status -z -uall [3ms]
2023-10-06 16:31:52.963 [info] > git show --textconv :controllers/users/authController.js [19ms]
2023-10-06 16:31:52.969 [info] > git ls-files --stage -- /home/alfarizi/coding/project/project-nodejs/KonichiNotes/controllers/users/authController.js [6ms]
2023-10-06 16:31:52.980 [info] > git cat-file -s f39062eef58d3716c18b37f11af26387ea321f0d [2ms]
2023-10-06 16:31:53.889 [info] > git show --textconv :controllers/users/profileController.js [19ms]
2023-10-06 16:31:53.896 [info] > git ls-files --stage -- /home/alfarizi/coding/project/project-nodejs/KonichiNotes/controllers/users/profileController.js [7ms]
2023-10-06 16:31:53.916 [info] > git cat-file -s 7752ef1efd772695be9f7a200cbcca9b8dc9879a [5ms]
2023-10-06 16:32:00.103 [info] > git show --textconv :controllers/users/authController.js [9ms]
2023-10-06 16:32:00.106 [info] > git ls-files --stage -- /home/alfarizi/coding/project/project-nodejs/KonichiNotes/controllers/users/authController.js [4ms]
2023-10-06 16:32:00.119 [info] > git cat-file -s f39062eef58d3716c18b37f11af26387ea321f0d [4ms]
2023-10-06 16:33:10.718 [info] > git show --textconv :controllers/users/profileController.js [8ms]
2023-10-06 16:33:10.720 [info] > git ls-files --stage -- /home/alfarizi/coding/project/project-nodejs/KonichiNotes/controllers/users/profileController.js [2ms]
2023-10-06 16:33:10.729 [info] > git cat-file -s 7752ef1efd772695be9f7a200cbcca9b8dc9879a [2ms]
2023-10-06 16:33:59.726 [info] > git check-ignore -v -z --stdin [2ms]
2023-10-06 16:34:06.232 [info] > git config --get commit.template [10ms]
2023-10-06 16:34:06.234 [info] > git for-each-ref --format=%(refname)%00%(upstream:short)%00%(objectname)%00%(upstream:track)%00%(upstream:remotename)%00%(upstream:remoteref) refs/heads/main refs/remotes/main [3ms]
2023-10-06 16:34:06.244 [info] > git status -z -uall [2ms]
2023-10-06 16:35:31.505 [info] > git show --textconv :controllers/users/profileController.js [19ms]
2023-10-06 16:35:31.510 [info] > git ls-files --stage -- /home/alfarizi/coding/project/project-nodejs/KonichiNotes/controllers/users/profileController.js [7ms]
2023-10-06 16:35:31.523 [info] > git cat-file -s 7752ef1efd772695be9f7a200cbcca9b8dc9879a [3ms]
2023-10-06 16:35:33.504 [info] > git show --textconv :server.js [16ms]
2023-10-06 16:35:33.508 [info] > git ls-files --stage -- /home/alfarizi/coding/project/project-nodejs/KonichiNotes/server.js [5ms]
2023-10-06 16:35:33.522 [info] > git cat-file -s 90e8cfb5d8e47c2ddd0f359fdbb684cc9e609ac0 [3ms]
2023-10-06 16:35:38.523 [info] > git show --textconv :controllers/users/profileController.js [23ms]
2023-10-06 16:35:38.528 [info] > git ls-files --stage -- /home/alfarizi/coding/project/project-nodejs/KonichiNotes/controllers/users/profileController.js [7ms]
2023-10-06 16:35:38.542 [info] > git cat-file -s 7752ef1efd772695be9f7a200cbcca9b8dc9879a [4ms]
2023-10-06 16:35:41.475 [info] > git show --textconv :controllers/users/authController.js [19ms]
2023-10-06 16:35:41.483 [info] > git ls-files --stage -- /home/alfarizi/coding/project/project-nodejs/KonichiNotes/controllers/users/authController.js [9ms]
2023-10-06 16:35:41.503 [info] > git cat-file -s f39062eef58d3716c18b37f11af26387ea321f0d [7ms]
2023-10-06 16:35:47.267 [info] > git show --textconv :server.js [13ms]
2023-10-06 16:35:47.270 [info] > git ls-files --stage -- /home/alfarizi/coding/project/project-nodejs/KonichiNotes/server.js [4ms]
2023-10-06 16:35:47.280 [info] > git cat-file -s 90e8cfb5d8e47c2ddd0f359fdbb684cc9e609ac0 [3ms]
2023-10-06 16:36:45.171 [info] > git show --textconv :server.js [15ms]
2023-10-06 16:36:45.173 [info] > git ls-files --stage -- /home/alfarizi/coding/project/project-nodejs/KonichiNotes/server.js [3ms]
2023-10-06 16:36:45.184 [info] > git cat-file -s 90e8cfb5d8e47c2ddd0f359fdbb684cc9e609ac0 [2ms]
2023-10-06 16:36:49.004 [info] > git config --get commit.template [12ms]
2023-10-06 16:36:49.006 [info] > git for-each-ref --format=%(refname)%00%(upstream:short)%00%(objectname)%00%(upstream:track)%00%(upstream:remotename)%00%(upstream:remoteref) refs/heads/main refs/remotes/main [3ms]
2023-10-06 16:36:49.015 [info] > git status -z -uall [3ms]
2023-10-06 16:37:13.436 [info] > git config --get commit.template [13ms]
2023-10-06 16:37:13.438 [info] > git for-each-ref --format=%(refname)%00%(upstream:short)%00%(objectname)%00%(upstream:track)%00%(upstream:remotename)%00%(upstream:remoteref) refs/heads/main refs/remotes/main [4ms]
2023-10-06 16:37:13.447 [info] > git status -z -uall [3ms]
2023-10-06 16:37:29.090 [info] > git config --get commit.template [9ms]
2023-10-06 16:37:29.092 [info] > git for-each-ref --format=%(refname)%00%(upstream:short)%00%(objectname)%00%(upstream:track)%00%(upstream:remotename)%00%(upstream:remoteref) refs/heads/main refs/remotes/main [2ms]
2023-10-06 16:37:29.101 [info] > git status -z -uall [3ms]
2023-10-06 16:38:16.250 [info] > git show --textconv :controllers/users/profileController.js [13ms]
2023-10-06 16:38:16.253 [info] > git ls-files --stage -- /home/alfarizi/coding/project/project-nodejs/KonichiNotes/controllers/users/profileController.js [4ms]
2023-10-06 16:38:16.263 [info] > git cat-file -s 7752ef1efd772695be9f7a200cbcca9b8dc9879a [2ms]
2023-10-06 16:39:04.618 [info] > git show --textconv :controllers/users/profileController.js [12ms]
2023-10-06 16:39:04.620 [info] > git ls-files --stage -- /home/alfarizi/coding/project/project-nodejs/KonichiNotes/controllers/users/profileController.js [2ms]
2023-10-06 16:39:04.629 [info] > git cat-file -s 7752ef1efd772695be9f7a200cbcca9b8dc9879a [2ms]
2023-10-06 16:41:50.367 [info] > git show --textconv :server.js [8ms]
2023-10-06 16:41:50.369 [info] > git ls-files --stage -- /home/alfarizi/coding/project/project-nodejs/KonichiNotes/server.js [3ms]
2023-10-06 16:41:50.380 [info] > git cat-file -s 90e8cfb5d8e47c2ddd0f359fdbb684cc9e609ac0 [2ms]
2023-10-06 16:41:58.111 [info] > git config --get commit.template [9ms]
2023-10-06 16:41:58.112 [info] > git for-each-ref --format=%(refname)%00%(upstream:short)%00%(objectname)%00%(upstream:track)%00%(upstream:remotename)%00%(upstream:remoteref) refs/heads/main refs/remotes/main [2ms]
2023-10-06 16:41:58.121 [info] > git status -z -uall [3ms]
2023-10-06 16:42:18.107 [info] > git config --get commit.template [14ms]
2023-10-06 16:42:18.109 [info] > git for-each-ref --format=%(refname)%00%(upstream:short)%00%(objectname)%00%(upstream:track)%00%(upstream:remotename)%00%(upstream:remoteref) refs/heads/main refs/remotes/main [3ms]
2023-10-06 16:42:18.119 [info] > git status -z -uall [3ms]
2023-10-06 16:42:18.196 [info] > git ls-files --stage -- /home/alfarizi/coding/project/project-nodejs/KonichiNotes/server.js [4ms]
2023-10-06 16:42:18.208 [info] > git cat-file -s 000a99b41afc393b3df6812fdd968a16989f28c6 [3ms]
2023-10-06 16:42:18.219 [info] > git show --textconv :server.js [2ms]
2023-10-06 16:42:35.350 [info] > git config --get commit.template [14ms]
2023-10-06 16:42:35.352 [info] > git for-each-ref --format=%(refname)%00%(upstream:short)%00%(objectname)%00%(upstream:track)%00%(upstream:remotename)%00%(upstream:remoteref) refs/heads/main refs/remotes/main [3ms]
2023-10-06 16:42:35.363 [info] > git status -z -uall [3ms]
2023-10-06 16:42:35.443 [info] > git ls-files --stage -- /home/alfarizi/coding/project/project-nodejs/KonichiNotes/server.js [5ms]
2023-10-06 16:42:35.458 [info] > git cat-file -s 000a99b41afc393b3df6812fdd968a16989f28c6 [4ms]
2023-10-06 16:42:35.470 [info] > git show --textconv :server.js [3ms]
2023-10-06 16:44:09.088 [info] > git config --get commit.template [13ms]
2023-10-06 16:44:09.091 [info] > git for-each-ref --format=%(refname)%00%(upstream:short)%00%(objectname)%00%(upstream:track)%00%(upstream:remotename)%00%(upstream:remoteref) refs/heads/main refs/remotes/main [3ms]
2023-10-06 16:44:09.101 [info] > git status -z -uall [3ms]
2023-10-06 16:44:09.178 [info] > git ls-files --stage -- /home/alfarizi/coding/project/project-nodejs/KonichiNotes/server.js [3ms]
2023-10-06 16:44:09.188 [info] > git cat-file -s 000a99b41afc393b3df6812fdd968a16989f28c6 [3ms]
2023-10-06 16:44:09.198 [info] > git show --textconv :server.js [2ms]
2023-10-06 16:44:37.586 [info] > git config --get commit.template [11ms]
2023-10-06 16:44:37.588 [info] > git for-each-ref --format=%(refname)%00%(upstream:short)%00%(objectname)%00%(upstream:track)%00%(upstream:remotename)%00%(upstream:remoteref) refs/heads/main refs/remotes/main [3ms]
2023-10-06 16:44:37.597 [info] > git status -z -uall [2ms]
2023-10-06 16:44:37.683 [info] > git ls-files --stage -- /home/alfarizi/coding/project/project-nodejs/KonichiNotes/server.js [6ms]
2023-10-06 16:44:37.697 [info] > git cat-file -s 000a99b41afc393b3df6812fdd968a16989f28c6 [3ms]
2023-10-06 16:44:37.708 [info] > git show --textconv :server.js [3ms]
