2023-10-04 14:46:42.943 [info] Log level: Info
2023-10-04 14:46:42.943 [info] Validating found git in: "git"
2023-10-04 14:46:42.943 [info] Using git "2.42.0" from "git"
2023-10-04 14:48:35.893 [info] Log level: Info
2023-10-04 14:48:35.893 [info] Validating found git in: "git"
2023-10-04 14:48:35.893 [info] Using git "2.42.0" from "git"
2023-10-04 14:48:35.893 [info] > git rev-parse --show-toplevel [4ms]
2023-10-04 14:48:35.901 [info] > git rev-parse --git-dir --git-common-dir [2ms]
2023-10-04 14:48:35.917 [info] Open repository: /run/media/alfarizi/OS/Coding/project/project-nodejs/blogApp
2023-10-04 14:48:35.933 [info] > git config --get commit.template [8ms]
2023-10-04 14:48:35.935 [info] > git rev-parse --show-toplevel [6ms]
2023-10-04 14:48:35.955 [info] > git rev-parse --show-toplevel [1ms]
2023-10-04 14:48:35.955 [info] > git for-each-ref --format=%(refname)%00%(upstream:short)%00%(objectname)%00%(upstream:track)%00%(upstream:remotename)%00%(upstream:remoteref) refs/heads/main refs/remotes/main [14ms]
2023-10-04 14:48:35.971 [info] > git rev-parse --show-toplevel [5ms]
2023-10-04 14:48:35.978 [info] > git rev-parse --show-toplevel [2ms]
2023-10-04 14:48:35.979 [info] > git status -z -uall [19ms]
2023-10-04 14:48:36.001 [info] > git rev-parse --show-toplevel [8ms]
2023-10-04 14:48:36.010 [info] > git config --get commit.template [10ms]
2023-10-04 14:48:36.028 [info] > git rev-parse --show-toplevel [18ms]
2023-10-04 14:48:36.037 [info] > git for-each-ref --format=%(refname)%00%(upstream:short)%00%(objectname)%00%(upstream:track)%00%(upstream:remotename)%00%(upstream:remoteref) refs/heads/main refs/remotes/main [10ms]
2023-10-04 14:48:36.044 [info] > git rev-parse --show-toplevel [8ms]
2023-10-04 14:48:36.054 [info] > git status -z -uall [11ms]
2023-10-04 14:48:36.063 [info] > git rev-parse --show-toplevel [10ms]
2023-10-04 14:48:36.451 [info] > git check-ignore -v -z --stdin [5ms]
2023-10-04 14:50:09.370 [info] > git check-ignore -v -z --stdin [4ms]
2023-10-04 14:50:13.417 [info] > git show --textconv :server.js [15ms]
2023-10-04 14:50:13.422 [info] > git ls-files --stage -- /run/media/alfarizi/OS/Coding/project/project-nodejs/blogApp/server.js [5ms]
2023-10-04 14:50:13.434 [info] > git cat-file -s 90e8cfb5d8e47c2ddd0f359fdbb684cc9e609ac0 [3ms]
2023-10-04 14:50:16.932 [info] > git config --get commit.template [18ms]
2023-10-04 14:50:16.935 [info] > git for-each-ref --format=%(refname)%00%(upstream:short)%00%(objectname)%00%(upstream:track)%00%(upstream:remotename)%00%(upstream:remoteref) refs/heads/main refs/remotes/main [6ms]
2023-10-04 14:50:16.950 [info] > git status -z -uall [5ms]
2023-10-04 15:36:50.888 [info] > git check-ignore -v -z --stdin [6ms]
2023-10-04 15:36:53.283 [info] > git check-ignore -v -z --stdin [4ms]
2023-10-04 15:36:54.694 [info] > git check-ignore -v -z --stdin [3ms]
2023-10-04 15:36:57.143 [info] > git show --textconv :middleware/globalErrHandler.js [10ms]
2023-10-04 15:36:57.147 [info] > git ls-files --stage -- /run/media/alfarizi/OS/Coding/project/project-nodejs/blogApp/middleware/globalErrHandler.js [3ms]
2023-10-04 15:36:57.158 [info] > git cat-file -s ff8224a61494ce05a1dc5537eab4b07a064dadd9 [3ms]
2023-10-04 15:36:59.733 [info] > git check-ignore -v -z --stdin [3ms]
2023-10-04 15:37:01.475 [info] > git check-ignore -v -z --stdin [5ms]
2023-10-04 15:37:06.327 [info] > git ls-files --stage -- /run/media/alfarizi/OS/Coding/project/project-nodejs/blogApp/controllers/users/profileController.js [3ms]
2023-10-04 15:37:06.333 [info] > git show --textconv :controllers/users/profileController.js [17ms]
2023-10-04 15:37:06.335 [info] > git cat-file -s 7752ef1efd772695be9f7a200cbcca9b8dc9879a [2ms]
2023-10-04 16:12:03.180 [info] > git show --textconv :package-lock.json [25ms]
2023-10-04 16:12:03.189 [info] > git ls-files --stage -- /run/media/alfarizi/OS/Coding/project/project-nodejs/blogApp/package-lock.json [9ms]
2023-10-04 16:12:03.202 [info] > git cat-file -s 8f23ac3a0cdd6d33ef3e55291d0438da4ba56532 [3ms]
2023-10-04 16:12:11.536 [info] > git show --textconv :package.json [20ms]
2023-10-04 16:12:11.538 [info] > git ls-files --stage -- /run/media/alfarizi/OS/Coding/project/project-nodejs/blogApp/package.json [3ms]
2023-10-04 16:12:11.556 [info] > git cat-file -s bb4e172825cdace507aed28979645b854f160493 [4ms]
2023-10-04 16:12:30.106 [info] > git show --textconv :controllers/users/authController.js [24ms]
2023-10-04 16:12:30.111 [info] > git ls-files --stage -- /run/media/alfarizi/OS/Coding/project/project-nodejs/blogApp/controllers/users/authController.js [6ms]
2023-10-04 16:12:30.177 [info] > git cat-file -s f39062eef58d3716c18b37f11af26387ea321f0d [41ms]
2023-10-04 16:12:34.712 [info] > git show --textconv :controllers/users/profileController.js [19ms]
2023-10-04 16:12:34.719 [info] > git ls-files --stage -- /run/media/alfarizi/OS/Coding/project/project-nodejs/blogApp/controllers/users/profileController.js [7ms]
2023-10-04 16:12:34.790 [info] > git cat-file -s 7752ef1efd772695be9f7a200cbcca9b8dc9879a [54ms]
