2023-10-06 16:12:56.412 [info] Reading sessions from keychain...
2023-10-06 16:12:56.412 [info] Getting sessions for all scopes...
2023-10-06 16:12:56.449 [info] Getting sessions for read:user,repo,user:email,workflow...
2023-10-06 16:12:56.458 [info] Got 0 sessions for ...
2023-10-06 16:12:56.458 [info] Got 0 sessions for read:user,repo,user:email,workflow...
2023-10-06 16:12:56.487 [info] Getting sessions for all scopes...
2023-10-06 16:12:56.488 [info] Got 0 sessions for ...
2023-10-06 16:44:17.005 [info] Getting sessions for read:user,repo,user:email,workflow...
2023-10-06 16:44:17.005 [info] Got 0 sessions for read:user,repo,user:email,workflow...
2023-10-06 16:44:21.018 [info] Logging in for the following scopes: read:user repo user:email workflow
2023-10-06 16:44:21.037 [info] Trying without local server... (read:user repo user:email workflow)
2023-10-06 16:44:33.482 [info] Exchanging code for token...
2023-10-06 16:44:34.517 [info] Token exchange success!
2023-10-06 16:44:34.521 [info] Getting user info...
2023-10-06 16:44:35.129 [info] Got account info!
2023-10-06 16:44:35.131 [info] Storing 1 sessions...
2023-10-06 16:44:35.137 [info] Reading sessions from keychain...
2023-10-06 16:44:35.137 [info] Stored 1 sessions!
2023-10-06 16:44:35.137 [info] Login success!
2023-10-06 16:44:35.189 [info] Got stored sessions!
2023-10-06 16:44:35.189 [info] Got 1 verified sessions.
2023-10-06 16:44:35.839 [info] Getting sessions for read:user,repo,user:email,workflow...
2023-10-06 16:44:35.839 [info] Got 1 sessions for read:user,repo,user:email,workflow...
