2023-10-04 14:46:42.639 [info] Reading sessions from keychain...
2023-10-04 14:46:42.639 [info] Getting sessions for all scopes...
2023-10-04 14:46:42.662 [info] Getting sessions for user:email...
2023-10-04 14:46:42.868 [info] Getting sessions for all scopes...
2023-10-04 14:46:42.869 [info] Got 0 sessions for ...
2023-10-04 14:46:42.869 [info] Got 0 sessions for user:email...
2023-10-04 14:46:42.869 [info] Got 0 sessions for ...
2023-10-04 14:46:43.167 [info] Getting sessions for all scopes...
2023-10-04 14:46:43.167 [info] Got 0 sessions for ...
2023-10-04 14:48:31.423 [info] Reading sessions from keychain...
2023-10-04 14:48:31.423 [info] Getting sessions for all scopes...
2023-10-04 14:48:31.423 [info] Getting sessions for user:email...
2023-10-04 14:48:31.423 [info] Got 0 sessions for ...
2023-10-04 14:48:31.423 [info] Got 0 sessions for user:email...
2023-10-04 14:48:31.507 [info] Getting sessions for all scopes...
2023-10-04 14:48:31.507 [info] Got 0 sessions for ...
2023-10-04 14:48:31.524 [info] Getting sessions for all scopes...
2023-10-04 14:48:31.524 [info] Got 0 sessions for ...
2023-10-04 14:48:36.010 [info] Getting sessions for read:user,repo,user:email,workflow...
2023-10-04 14:48:36.010 [info] Got 0 sessions for read:user,repo,user:email,workflow...
