2023-10-06 15:58:37.861 [info] Added views:workbench.panel.markers.view in workbench.panel.markers
2023-10-06 15:58:37.861 [info] Added views:workbench.panel.output in workbench.panel.output
2023-10-06 15:58:37.861 [info] Added views:terminal in terminal
2023-10-06 15:58:37.861 [info] Added views:outline in workbench.view.explorer
2023-10-06 15:58:37.861 [info] Added views:workbench.scm in workbench.view.scm
2023-10-06 15:58:37.861 [info] Added views:workbench.view.search in workbench.view.search
2023-10-06 15:58:37.861 [info] Added views:timeline in workbench.view.explorer
2023-10-06 15:58:37.861 [info] Added views:workbench.explorer.fileView in workbench.view.explorer
2023-10-06 15:58:38.230 [info] Added views:workbench.debug.variablesView,workbench.debug.watchExpressionsView,workbench.debug.callStackView,workbench.debug.breakPointsView in workbench.view.debug
2023-10-06 15:58:38.568 [info] Added views:~remote.forwardedPorts in ~remote.forwardedPortsContainer
2023-10-06 15:58:38.758 [info] Added views:workbench.panel.repl.view in workbench.panel.repl
2023-10-06 15:58:38.759 [info] Removed views:workbench.debug.breakPointsView,workbench.debug.callStackView,workbench.debug.watchExpressionsView,workbench.debug.variablesView from workbench.view.debug
2023-10-06 15:58:38.760 [info] Added views:workbench.debug.welcome in workbench.view.debug
2023-10-06 16:12:54.971 [info] Added views:workbench.panel.markers.view in workbench.panel.markers
2023-10-06 16:12:54.971 [info] Added views:workbench.panel.output in workbench.panel.output
2023-10-06 16:12:54.971 [info] Added views:terminal in terminal
2023-10-06 16:12:54.971 [info] Added views:outline in workbench.view.explorer
2023-10-06 16:12:54.971 [info] Added views:workbench.scm in workbench.view.scm
2023-10-06 16:12:54.971 [info] Added views:workbench.view.search in workbench.view.search
2023-10-06 16:12:54.971 [info] Added views:timeline in workbench.view.explorer
2023-10-06 16:12:54.971 [info] Added views:workbench.explorer.fileView in workbench.view.explorer
2023-10-06 16:12:55.646 [info] Added views:workbench.debug.variablesView,workbench.debug.watchExpressionsView,workbench.debug.callStackView,workbench.debug.breakPointsView in workbench.view.debug
2023-10-06 16:12:55.715 [info] Added views:workbench.panel.repl.view in workbench.panel.repl
2023-10-06 16:12:55.715 [info] Removed views:workbench.debug.breakPointsView,workbench.debug.callStackView,workbench.debug.watchExpressionsView,workbench.debug.variablesView from workbench.view.debug
2023-10-06 16:12:55.715 [info] Added views:workbench.debug.welcome in workbench.view.debug
2023-10-06 16:12:56.235 [info] Added views:~remote.forwardedPorts in ~remote.forwardedPortsContainer
2023-10-06 16:20:57.844 [info] Added views:workbench.views.extensions.installed,workbench.views.extensions.popular,extensions.recommendedList in workbench.view.extensions
2023-10-06 16:20:57.851 [info] Removed views:workbench.views.extensions.popular from workbench.view.extensions
2023-10-06 16:21:50.384 [info] Removed views:extensions.recommendedList,workbench.views.extensions.installed from workbench.view.extensions
2023-10-06 16:21:50.402 [info] Added views:workbench.views.extensions.marketplace in workbench.view.extensions
2023-10-06 16:22:00.267 [info] Added views:thunder-client-sidebar in workbench.view.extension.thunder-client
