2023-10-04 14:46:41.195 [info] Added views:workbench.panel.markers.view in workbench.panel.markers
2023-10-04 14:46:41.195 [info] Added views:workbench.panel.output in workbench.panel.output
2023-10-04 14:46:41.195 [info] Added views:terminal in terminal
2023-10-04 14:46:41.195 [info] Added views:outline in workbench.view.explorer
2023-10-04 14:46:41.195 [info] Added views:workbench.scm in workbench.view.scm
2023-10-04 14:46:41.195 [info] Added views:workbench.view.search in workbench.view.search
2023-10-04 14:46:41.195 [info] Added views:timeline in workbench.view.explorer
2023-10-04 14:46:41.195 [info] Added views:workbench.explorer.emptyView in workbench.view.explorer
2023-10-04 14:46:41.423 [info] Added views:workbench.debug.variablesView,workbench.debug.watchExpressionsView,workbench.debug.callStackView,workbench.debug.breakPointsView in workbench.view.debug
2023-10-04 14:46:42.295 [info] Added views:~remote.forwardedPorts in ~remote.forwardedPortsContainer
2023-10-04 14:46:42.497 [info] Added views:workbench.panel.repl.view in workbench.panel.repl
2023-10-04 14:46:42.500 [info] Removed views:workbench.debug.breakPointsView,workbench.debug.callStackView,workbench.debug.watchExpressionsView,workbench.debug.variablesView from workbench.view.debug
2023-10-04 14:46:42.503 [info] Added views:workbench.debug.welcome in workbench.view.debug
2023-10-04 14:48:30.574 [info] Added views:workbench.panel.markers.view in workbench.panel.markers
2023-10-04 14:48:30.574 [info] Added views:workbench.panel.output in workbench.panel.output
2023-10-04 14:48:30.574 [info] Added views:terminal in terminal
2023-10-04 14:48:30.574 [info] Added views:outline in workbench.view.explorer
2023-10-04 14:48:30.574 [info] Added views:workbench.scm in workbench.view.scm
2023-10-04 14:48:30.574 [info] Added views:workbench.view.search in workbench.view.search
2023-10-04 14:48:30.574 [info] Added views:timeline in workbench.view.explorer
2023-10-04 14:48:30.574 [info] Added views:workbench.explorer.fileView in workbench.view.explorer
2023-10-04 14:48:31.018 [info] Added views:workbench.debug.variablesView,workbench.debug.watchExpressionsView,workbench.debug.callStackView,workbench.debug.breakPointsView in workbench.view.debug
2023-10-04 14:48:31.078 [info] Added views:~remote.forwardedPorts in ~remote.forwardedPortsContainer
2023-10-04 14:48:31.334 [info] Added views:workbench.panel.repl.view in workbench.panel.repl
2023-10-04 14:48:31.336 [info] Removed views:workbench.debug.breakPointsView,workbench.debug.callStackView,workbench.debug.watchExpressionsView,workbench.debug.variablesView from workbench.view.debug
2023-10-04 14:48:31.337 [info] Added views:workbench.debug.welcome in workbench.view.debug
2023-10-04 14:48:37.225 [info] Added views:workbench.views.extensions.installed,workbench.views.extensions.popular,extensions.recommendedList in workbench.view.extensions
2023-10-04 14:48:37.229 [info] Removed views:workbench.views.extensions.popular from workbench.view.extensions
2023-10-04 14:48:37.464 [info] Added views:workbench.views.extensions.popular in workbench.view.extensions
2023-10-04 14:48:42.100 [info] Removed views:extensions.recommendedList,workbench.views.extensions.popular,workbench.views.extensions.installed from workbench.view.extensions
2023-10-04 14:48:42.117 [info] Added views:workbench.views.extensions.marketplace in workbench.view.extensions
2023-10-04 14:49:02.122 [info] Removed views:workbench.views.extensions.marketplace from workbench.view.extensions
2023-10-04 14:49:02.151 [info] Added views:workbench.views.extensions.installed,workbench.views.extensions.popular,extensions.recommendedList in workbench.view.extensions
2023-10-04 14:49:05.340 [info] Removed views:extensions.recommendedList,workbench.views.extensions.popular,workbench.views.extensions.installed from workbench.view.extensions
2023-10-04 14:49:05.353 [info] Added views:workbench.views.extensions.marketplace in workbench.view.extensions
2023-10-04 14:49:20.426 [info] Removed views:workbench.views.extensions.marketplace from workbench.view.extensions
2023-10-04 14:49:20.457 [info] Added views:workbench.views.extensions.installed,workbench.views.extensions.popular,extensions.recommendedList in workbench.view.extensions
2023-10-04 14:49:21.620 [info] Removed views:extensions.recommendedList,workbench.views.extensions.popular,workbench.views.extensions.installed from workbench.view.extensions
2023-10-04 14:49:21.634 [info] Added views:workbench.views.extensions.marketplace in workbench.view.extensions
2023-10-04 14:49:30.939 [info] Removed views:workbench.views.extensions.marketplace from workbench.view.extensions
2023-10-04 14:49:30.967 [info] Added views:workbench.views.extensions.installed,workbench.views.extensions.popular,extensions.recommendedList in workbench.view.extensions
2023-10-04 14:49:32.824 [info] Removed views:extensions.recommendedList,workbench.views.extensions.popular,workbench.views.extensions.installed from workbench.view.extensions
2023-10-04 14:49:32.837 [info] Added views:workbench.views.extensions.marketplace in workbench.view.extensions
